<?xml version="1.0" encoding="UTF-8"?>
<!-- Generated by org.testng.reporters.JUnitXMLReporter -->
<testsuite hostname="Anshuls-MacBook.local" ignored="0" name="Rediff PortFolio Test" tests="1" failures="0" timestamp="2022-06-21T19:14:00 IST" time="0.082" errors="0">
  <testcase name="@BeforeMethod OpenBrowser" time="-1.655819035739E9" classname="com.selenuim.basic.InvokeBrowserDynamically">
    <failure type="org.testng.TestNGException" message="
Parameter &amp;apos;browser&amp;apos; is required by BeforeMethod on method OpenBrowser but has not been marked @Optional or defined
in /Users/anshul/JavaTraining/FirstSeleniumProject/testng1.xml">
      <![CDATA[org.testng.TestNGException: 
Parameter 'browser' is required by BeforeMethod on method OpenBrowser but has not been marked @Optional or defined
in /Users/anshul/JavaTraining/FirstSeleniumProject/testng1.xml
at java.util.ArrayList.forEach(ArrayList.java:1257)
... Removed 28 stack frames]]>
    </failure>
  </testcase> <!-- @BeforeMethod OpenBrowser -->
  <testcase name="@AfterMethod quitBrowser" time="-1.655819035768E9" classname="com.selenuim.basic.InvokeBrowserDynamically">
    <skipped/>
  </testcase> <!-- @AfterMethod quitBrowser -->
  <testcase name="verifyFaceBookHomePage" time="0.0" classname="com.selenuim.basic.InvokeBrowserDynamically">
    <skipped/>
  </testcase> <!-- verifyFaceBookHomePage -->
</testsuite> <!-- Rediff PortFolio Test -->
